2020-03-03 08:02:31,661 [Worker-2: Loading available Gradle versions] INFO  o.e.b.c.i.u.g.PublishedGradleVersions - Gradle version information cache is up-to-date. Trying to read.
2020-03-03 08:03:03,063 [Worker-0: Repository registry initialization] WARN  o.e.m.c.internal.embedder.MavenImpl - Failed to decrypt password for server central: org.sonatype.plexus.components.sec.dispatcher.SecDispatcherException: java.io.FileNotFoundException: C:\Users\logonrmlocal\.m2\settings-security.xml (The system cannot find the file specified)
org.sonatype.plexus.components.sec.dispatcher.SecDispatcherException: org.sonatype.plexus.components.sec.dispatcher.SecDispatcherException: java.io.FileNotFoundException: C:\Users\logonrmlocal\.m2\settings-security.xml (The system cannot find the file specified)
	at org.sonatype.plexus.components.sec.dispatcher.DefaultSecDispatcher.decrypt(DefaultSecDispatcher.java:121) ~[plexus-sec-dispatcher-1.4.jar:na]
	at org.apache.maven.settings.crypto.DefaultSettingsDecrypter.decrypt(DefaultSettingsDecrypter.java:107) ~[maven-settings-builder-3.6.1.jar:3.6.1]
	at org.apache.maven.settings.crypto.DefaultSettingsDecrypter.decrypt(DefaultSettingsDecrypter.java:63) ~[maven-settings-builder-3.6.1.jar:3.6.1]
	at org.eclipse.m2e.core.internal.embedder.MavenImpl.decryptPassword(MavenImpl.java:543) ~[org.eclipse.m2e.core_1.12.0.20190529-1916.jar:na]
	at org.eclipse.m2e.core.internal.repository.RepositoryRegistry.getAuthenticationInfo(RepositoryRegistry.java:214) [org.eclipse.m2e.core_1.12.0.20190529-1916.jar:na]
	at org.eclipse.m2e.core.internal.repository.RepositoryRegistry.updateRegistry(RepositoryRegistry.java:258) [org.eclipse.m2e.core_1.12.0.20190529-1916.jar:na]
	at org.eclipse.m2e.core.internal.repository.RepositoryRegistryUpdateJob.run(RepositoryRegistryUpdateJob.java:47) [org.eclipse.m2e.core_1.12.0.20190529-1916.jar:na]
	at org.eclipse.core.internal.jobs.Worker.run(Worker.java:63) [org.eclipse.core.jobs_3.10.400.v20190506-1457.jar:na]
Caused by: org.sonatype.plexus.components.sec.dispatcher.SecDispatcherException: java.io.FileNotFoundException: C:\Users\logonrmlocal\.m2\settings-security.xml (The system cannot find the file specified)
	at org.sonatype.plexus.components.sec.dispatcher.SecUtil.read(SecUtil.java:69) ~[plexus-sec-dispatcher-1.4.jar:na]
	at org.sonatype.plexus.components.sec.dispatcher.DefaultSecDispatcher.getSec(DefaultSecDispatcher.java:206) ~[plexus-sec-dispatcher-1.4.jar:na]
	at org.sonatype.plexus.components.sec.dispatcher.DefaultSecDispatcher.decrypt(DefaultSecDispatcher.java:90) ~[plexus-sec-dispatcher-1.4.jar:na]
	... 7 common frames omitted
Caused by: java.io.FileNotFoundException: C:\Users\logonrmlocal\.m2\settings-security.xml (The system cannot find the file specified)
	at java.io.FileInputStream.open0(Native Method) ~[na:1.8.0_212]
	at java.io.FileInputStream.open(Unknown Source) ~[na:1.8.0_212]
	at java.io.FileInputStream.<init>(Unknown Source) ~[na:1.8.0_212]
	at org.sonatype.plexus.components.sec.dispatcher.SecUtil.toStream(SecUtil.java:100) ~[plexus-sec-dispatcher-1.4.jar:na]
	at org.sonatype.plexus.components.sec.dispatcher.SecUtil.read(SecUtil.java:56) ~[plexus-sec-dispatcher-1.4.jar:na]
	... 9 common frames omitted
2020-03-03 08:03:03,553 [Worker-0: Repository registry initialization] WARN  o.e.m.c.internal.embedder.MavenImpl - Failed to decrypt password for server snapshots: org.sonatype.plexus.components.sec.dispatcher.SecDispatcherException: java.io.FileNotFoundException: C:\Users\logonrmlocal\.m2\settings-security.xml (The system cannot find the file specified)
org.sonatype.plexus.components.sec.dispatcher.SecDispatcherException: org.sonatype.plexus.components.sec.dispatcher.SecDispatcherException: java.io.FileNotFoundException: C:\Users\logonrmlocal\.m2\settings-security.xml (The system cannot find the file specified)
	at org.sonatype.plexus.components.sec.dispatcher.DefaultSecDispatcher.decrypt(DefaultSecDispatcher.java:121) ~[plexus-sec-dispatcher-1.4.jar:na]
	at org.apache.maven.settings.crypto.DefaultSettingsDecrypter.decrypt(DefaultSettingsDecrypter.java:107) ~[maven-settings-builder-3.6.1.jar:3.6.1]
	at org.apache.maven.settings.crypto.DefaultSettingsDecrypter.decrypt(DefaultSettingsDecrypter.java:63) ~[maven-settings-builder-3.6.1.jar:3.6.1]
	at org.eclipse.m2e.core.internal.embedder.MavenImpl.decryptPassword(MavenImpl.java:543) ~[org.eclipse.m2e.core_1.12.0.20190529-1916.jar:na]
	at org.eclipse.m2e.core.internal.repository.RepositoryRegistry.getAuthenticationInfo(RepositoryRegistry.java:214) [org.eclipse.m2e.core_1.12.0.20190529-1916.jar:na]
	at org.eclipse.m2e.core.internal.repository.RepositoryRegistry.updateRegistry(RepositoryRegistry.java:258) [org.eclipse.m2e.core_1.12.0.20190529-1916.jar:na]
	at org.eclipse.m2e.core.internal.repository.RepositoryRegistryUpdateJob.run(RepositoryRegistryUpdateJob.java:47) [org.eclipse.m2e.core_1.12.0.20190529-1916.jar:na]
	at org.eclipse.core.internal.jobs.Worker.run(Worker.java:63) [org.eclipse.core.jobs_3.10.400.v20190506-1457.jar:na]
Caused by: org.sonatype.plexus.components.sec.dispatcher.SecDispatcherException: java.io.FileNotFoundException: C:\Users\logonrmlocal\.m2\settings-security.xml (The system cannot find the file specified)
	at org.sonatype.plexus.components.sec.dispatcher.SecUtil.read(SecUtil.java:69) ~[plexus-sec-dispatcher-1.4.jar:na]
	at org.sonatype.plexus.components.sec.dispatcher.DefaultSecDispatcher.getSec(DefaultSecDispatcher.java:206) ~[plexus-sec-dispatcher-1.4.jar:na]
	at org.sonatype.plexus.components.sec.dispatcher.DefaultSecDispatcher.decrypt(DefaultSecDispatcher.java:90) ~[plexus-sec-dispatcher-1.4.jar:na]
	... 7 common frames omitted
Caused by: java.io.FileNotFoundException: C:\Users\logonrmlocal\.m2\settings-security.xml (The system cannot find the file specified)
	at java.io.FileInputStream.open0(Native Method) ~[na:1.8.0_212]
	at java.io.FileInputStream.open(Unknown Source) ~[na:1.8.0_212]
	at java.io.FileInputStream.<init>(Unknown Source) ~[na:1.8.0_212]
	at org.sonatype.plexus.components.sec.dispatcher.SecUtil.toStream(SecUtil.java:100) ~[plexus-sec-dispatcher-1.4.jar:na]
	at org.sonatype.plexus.components.sec.dispatcher.SecUtil.read(SecUtil.java:56) ~[plexus-sec-dispatcher-1.4.jar:na]
	... 9 common frames omitted
2020-03-03 08:03:03,887 [Worker-9: Building workspace] INFO  o.e.m.c.i.l.LifecycleMappingFactory - Using org.eclipse.m2e.jdt.JarLifecycleMapping lifecycle mapping for MavenProject: 04-JPA-Introducao:04-JPA-Introducao:0.0.1-SNAPSHOT @ D:\Enterprise\04-JPA-Introducao\pom.xml.
2020-03-03 08:03:04,182 [Worker-0: Repository registry initialization] WARN  o.e.m.c.internal.embedder.MavenImpl - Failed to decrypt password for server central: org.sonatype.plexus.components.sec.dispatcher.SecDispatcherException: java.io.FileNotFoundException: C:\Users\logonrmlocal\.m2\settings-security.xml (The system cannot find the file specified)
org.sonatype.plexus.components.sec.dispatcher.SecDispatcherException: org.sonatype.plexus.components.sec.dispatcher.SecDispatcherException: java.io.FileNotFoundException: C:\Users\logonrmlocal\.m2\settings-security.xml (The system cannot find the file specified)
	at org.sonatype.plexus.components.sec.dispatcher.DefaultSecDispatcher.decrypt(DefaultSecDispatcher.java:121) ~[plexus-sec-dispatcher-1.4.jar:na]
	at org.apache.maven.settings.crypto.DefaultSettingsDecrypter.decrypt(DefaultSettingsDecrypter.java:107) ~[maven-settings-builder-3.6.1.jar:3.6.1]
	at org.apache.maven.settings.crypto.DefaultSettingsDecrypter.decrypt(DefaultSettingsDecrypter.java:63) ~[maven-settings-builder-3.6.1.jar:3.6.1]
	at org.eclipse.m2e.core.internal.embedder.MavenImpl.decryptPassword(MavenImpl.java:543) ~[org.eclipse.m2e.core_1.12.0.20190529-1916.jar:na]
	at org.eclipse.m2e.core.internal.repository.RepositoryRegistry.getAuthenticationInfo(RepositoryRegistry.java:214) [org.eclipse.m2e.core_1.12.0.20190529-1916.jar:na]
	at org.eclipse.m2e.core.internal.repository.RepositoryRegistry.updateRegistry(RepositoryRegistry.java:258) [org.eclipse.m2e.core_1.12.0.20190529-1916.jar:na]
	at org.eclipse.m2e.core.internal.repository.RepositoryRegistryUpdateJob.run(RepositoryRegistryUpdateJob.java:47) [org.eclipse.m2e.core_1.12.0.20190529-1916.jar:na]
	at org.eclipse.core.internal.jobs.Worker.run(Worker.java:63) [org.eclipse.core.jobs_3.10.400.v20190506-1457.jar:na]
Caused by: org.sonatype.plexus.components.sec.dispatcher.SecDispatcherException: java.io.FileNotFoundException: C:\Users\logonrmlocal\.m2\settings-security.xml (The system cannot find the file specified)
	at org.sonatype.plexus.components.sec.dispatcher.SecUtil.read(SecUtil.java:69) ~[plexus-sec-dispatcher-1.4.jar:na]
	at org.sonatype.plexus.components.sec.dispatcher.DefaultSecDispatcher.getSec(DefaultSecDispatcher.java:206) ~[plexus-sec-dispatcher-1.4.jar:na]
	at org.sonatype.plexus.components.sec.dispatcher.DefaultSecDispatcher.decrypt(DefaultSecDispatcher.java:90) ~[plexus-sec-dispatcher-1.4.jar:na]
	... 7 common frames omitted
Caused by: java.io.FileNotFoundException: C:\Users\logonrmlocal\.m2\settings-security.xml (The system cannot find the file specified)
	at java.io.FileInputStream.open0(Native Method) ~[na:1.8.0_212]
	at java.io.FileInputStream.open(Unknown Source) ~[na:1.8.0_212]
	at java.io.FileInputStream.<init>(Unknown Source) ~[na:1.8.0_212]
	at org.sonatype.plexus.components.sec.dispatcher.SecUtil.toStream(SecUtil.java:100) ~[plexus-sec-dispatcher-1.4.jar:na]
	at org.sonatype.plexus.components.sec.dispatcher.SecUtil.read(SecUtil.java:56) ~[plexus-sec-dispatcher-1.4.jar:na]
	... 9 common frames omitted
2020-03-03 08:03:04,184 [Worker-0: Repository registry initialization] WARN  o.e.m.c.internal.embedder.MavenImpl - Failed to decrypt password for server snapshots: org.sonatype.plexus.components.sec.dispatcher.SecDispatcherException: java.io.FileNotFoundException: C:\Users\logonrmlocal\.m2\settings-security.xml (The system cannot find the file specified)
org.sonatype.plexus.components.sec.dispatcher.SecDispatcherException: org.sonatype.plexus.components.sec.dispatcher.SecDispatcherException: java.io.FileNotFoundException: C:\Users\logonrmlocal\.m2\settings-security.xml (The system cannot find the file specified)
	at org.sonatype.plexus.components.sec.dispatcher.DefaultSecDispatcher.decrypt(DefaultSecDispatcher.java:121) ~[plexus-sec-dispatcher-1.4.jar:na]
	at org.apache.maven.settings.crypto.DefaultSettingsDecrypter.decrypt(DefaultSettingsDecrypter.java:107) ~[maven-settings-builder-3.6.1.jar:3.6.1]
	at org.apache.maven.settings.crypto.DefaultSettingsDecrypter.decrypt(DefaultSettingsDecrypter.java:63) ~[maven-settings-builder-3.6.1.jar:3.6.1]
	at org.eclipse.m2e.core.internal.embedder.MavenImpl.decryptPassword(MavenImpl.java:543) ~[org.eclipse.m2e.core_1.12.0.20190529-1916.jar:na]
	at org.eclipse.m2e.core.internal.repository.RepositoryRegistry.getAuthenticationInfo(RepositoryRegistry.java:214) [org.eclipse.m2e.core_1.12.0.20190529-1916.jar:na]
	at org.eclipse.m2e.core.internal.repository.RepositoryRegistry.updateRegistry(RepositoryRegistry.java:258) [org.eclipse.m2e.core_1.12.0.20190529-1916.jar:na]
	at org.eclipse.m2e.core.internal.repository.RepositoryRegistryUpdateJob.run(RepositoryRegistryUpdateJob.java:47) [org.eclipse.m2e.core_1.12.0.20190529-1916.jar:na]
	at org.eclipse.core.internal.jobs.Worker.run(Worker.java:63) [org.eclipse.core.jobs_3.10.400.v20190506-1457.jar:na]
Caused by: org.sonatype.plexus.components.sec.dispatcher.SecDispatcherException: java.io.FileNotFoundException: C:\Users\logonrmlocal\.m2\settings-security.xml (The system cannot find the file specified)
	at org.sonatype.plexus.components.sec.dispatcher.SecUtil.read(SecUtil.java:69) ~[plexus-sec-dispatcher-1.4.jar:na]
	at org.sonatype.plexus.components.sec.dispatcher.DefaultSecDispatcher.getSec(DefaultSecDispatcher.java:206) ~[plexus-sec-dispatcher-1.4.jar:na]
	at org.sonatype.plexus.components.sec.dispatcher.DefaultSecDispatcher.decrypt(DefaultSecDispatcher.java:90) ~[plexus-sec-dispatcher-1.4.jar:na]
	... 7 common frames omitted
Caused by: java.io.FileNotFoundException: C:\Users\logonrmlocal\.m2\settings-security.xml (The system cannot find the file specified)
	at java.io.FileInputStream.open0(Native Method) ~[na:1.8.0_212]
	at java.io.FileInputStream.open(Unknown Source) ~[na:1.8.0_212]
	at java.io.FileInputStream.<init>(Unknown Source) ~[na:1.8.0_212]
	at org.sonatype.plexus.components.sec.dispatcher.SecUtil.toStream(SecUtil.java:100) ~[plexus-sec-dispatcher-1.4.jar:na]
	at org.sonatype.plexus.components.sec.dispatcher.SecUtil.read(SecUtil.java:56) ~[plexus-sec-dispatcher-1.4.jar:na]
	... 9 common frames omitted
2020-03-03 08:03:05,564 [Worker-12: Updating Maven Dependencies] INFO  o.e.m.c.i.l.LifecycleMappingFactory - Using org.eclipse.m2e.jdt.JarLifecycleMapping lifecycle mapping for MavenProject: 04-JPA-Introducao:04-JPA-Introducao:0.0.1-SNAPSHOT @ D:\Enterprise\04-JPA-Introducao\pom.xml.
2020-03-03 08:13:48,337 [Worker-10: Updating Maven Project] INFO  o.e.m.c.i.p.ProjectConfigurationManager - Update started
2020-03-03 08:13:48,715 [Worker-10: Updating Maven Project] INFO  o.e.m.c.i.l.LifecycleMappingFactory - Using org.eclipse.m2e.jdt.JarLifecycleMapping lifecycle mapping for MavenProject: 04-JPA-Introducao:04-JPA-Introducao:0.0.1-SNAPSHOT @ D:\Enterprise\04-JPA-Introducao\pom.xml.
2020-03-03 08:13:49,063 [Worker-10: Updating Maven Project] INFO  o.e.m.c.i.e.AbstractTransferListenerAdapter - Downloading http://fiaprepodevops.fiap.com.br:8040/artifactory/libs-release/org/apache/apache/10/apache-10.pom
2020-03-03 08:13:49,080 [Worker-10: Updating Maven Project] INFO  o.e.m.c.i.e.AbstractTransferListenerAdapter - Downloaded http://fiaprepodevops.fiap.com.br:8040/artifactory/libs-release/org/apache/apache/10/apache-10.pom
2020-03-03 08:13:49,422 [Worker-10: Updating Maven Project] INFO  o.e.m.c.i.e.AbstractTransferListenerAdapter - Downloading http://fiaprepodevops.fiap.com.br:8040/artifactory/libs-release/org/apache/maven/maven-plugin-api/2.0.6/maven-plugin-api-2.0.6.pom
2020-03-03 08:13:49,441 [Worker-10: Updating Maven Project] INFO  o.e.m.c.i.e.AbstractTransferListenerAdapter - Downloaded http://fiaprepodevops.fiap.com.br:8040/artifactory/libs-release/org/apache/maven/maven-plugin-api/2.0.6/maven-plugin-api-2.0.6.pom
2020-03-03 08:13:49,768 [Worker-10: Updating Maven Project] INFO  o.e.m.c.i.e.AbstractTransferListenerAdapter - Downloading http://fiaprepodevops.fiap.com.br:8040/artifactory/libs-release/org/apache/maven/maven/2.0.6/maven-2.0.6.pom
2020-03-03 08:13:51,165 [Worker-10: Updating Maven Project] INFO  o.e.m.c.i.e.AbstractTransferListenerAdapter - Downloaded http://fiaprepodevops.fiap.com.br:8040/artifactory/libs-release/org/apache/maven/maven/2.0.6/maven-2.0.6.pom
2020-03-03 08:13:51,181 [Worker-10: Updating Maven Project] INFO  o.e.m.c.i.e.AbstractTransferListenerAdapter - Downloading http://fiaprepodevops.fiap.com.br:8040/artifactory/libs-release/org/apache/maven/maven-parent/5/maven-parent-5.pom
2020-03-03 08:13:51,301 [Worker-10: Updating Maven Project] INFO  o.e.m.c.i.e.AbstractTransferListenerAdapter - Downloaded http://fiaprepodevops.fiap.com.br:8040/artifactory/libs-release/org/apache/maven/maven-parent/5/maven-parent-5.pom
2020-03-03 08:13:51,323 [Worker-10: Updating Maven Project] INFO  o.e.m.c.i.e.AbstractTransferListenerAdapter - Downloading http://fiaprepodevops.fiap.com.br:8040/artifactory/libs-release/org/apache/apache/3/apache-3.pom
2020-03-03 08:13:51,334 [Worker-10: Updating Maven Project] INFO  o.e.m.c.i.e.AbstractTransferListenerAdapter - Downloaded http://fiaprepodevops.fiap.com.br:8040/artifactory/libs-release/org/apache/apache/3/apache-3.pom
2020-03-03 08:13:51,354 [Worker-10: Updating Maven Project] INFO  o.e.m.c.i.e.AbstractTransferListenerAdapter - Downloading http://fiaprepodevops.fiap.com.br:8040/artifactory/libs-release/org/apache/maven/maven-project/2.0.6/maven-project-2.0.6.pom
2020-03-03 08:13:51,366 [Worker-10: Updating Maven Project] INFO  o.e.m.c.i.e.AbstractTransferListenerAdapter - Downloaded http://fiaprepodevops.fiap.com.br:8040/artifactory/libs-release/org/apache/maven/maven-project/2.0.6/maven-project-2.0.6.pom
2020-03-03 08:13:51,380 [Worker-10: Updating Maven Project] INFO  o.e.m.c.i.e.AbstractTransferListenerAdapter - Downloading http://fiaprepodevops.fiap.com.br:8040/artifactory/libs-release/org/apache/maven/maven-settings/2.0.6/maven-settings-2.0.6.pom
2020-03-03 08:13:51,389 [Worker-10: Updating Maven Project] INFO  o.e.m.c.i.e.AbstractTransferListenerAdapter - Downloaded http://fiaprepodevops.fiap.com.br:8040/artifactory/libs-release/org/apache/maven/maven-settings/2.0.6/maven-settings-2.0.6.pom
2020-03-03 08:13:51,404 [Worker-10: Updating Maven Project] INFO  o.e.m.c.i.e.AbstractTransferListenerAdapter - Downloading http://fiaprepodevops.fiap.com.br:8040/artifactory/libs-release/org/apache/maven/maven-model/2.0.6/maven-model-2.0.6.pom
2020-03-03 08:13:51,413 [Worker-10: Updating Maven Project] INFO  o.e.m.c.i.e.AbstractTransferListenerAdapter - Downloaded http://fiaprepodevops.fiap.com.br:8040/artifactory/libs-release/org/apache/maven/maven-model/2.0.6/maven-model-2.0.6.pom
2020-03-03 08:13:51,593 [Worker-10: Updating Maven Project] INFO  o.e.m.c.i.e.AbstractTransferListenerAdapter - Downloading http://fiaprepodevops.fiap.com.br:8040/artifactory/libs-release/org/apache/maven/maven-profile/2.0.6/maven-profile-2.0.6.pom
2020-03-03 08:13:51,609 [Worker-10: Updating Maven Project] INFO  o.e.m.c.i.e.AbstractTransferListenerAdapter - Downloaded http://fiaprepodevops.fiap.com.br:8040/artifactory/libs-release/org/apache/maven/maven-profile/2.0.6/maven-profile-2.0.6.pom
2020-03-03 08:13:51,948 [Worker-10: Updating Maven Project] INFO  o.e.m.c.i.e.AbstractTransferListenerAdapter - Downloading http://fiaprepodevops.fiap.com.br:8040/artifactory/libs-release/org/apache/maven/maven-artifact-manager/2.0.6/maven-artifact-manager-2.0.6.pom
2020-03-03 08:13:52,357 [Worker-10: Updating Maven Project] INFO  o.e.m.c.i.e.AbstractTransferListenerAdapter - Downloaded http://fiaprepodevops.fiap.com.br:8040/artifactory/libs-release/org/apache/maven/maven-artifact-manager/2.0.6/maven-artifact-manager-2.0.6.pom
2020-03-03 08:13:52,392 [Worker-10: Updating Maven Project] INFO  o.e.m.c.i.e.AbstractTransferListenerAdapter - Downloading http://fiaprepodevops.fiap.com.br:8040/artifactory/libs-release/org/apache/maven/maven-repository-metadata/2.0.6/maven-repository-metadata-2.0.6.pom
2020-03-03 08:13:52,405 [Worker-10: Updating Maven Project] INFO  o.e.m.c.i.e.AbstractTransferListenerAdapter - Downloaded http://fiaprepodevops.fiap.com.br:8040/artifactory/libs-release/org/apache/maven/maven-repository-metadata/2.0.6/maven-repository-metadata-2.0.6.pom
2020-03-03 08:13:52,424 [Worker-10: Updating Maven Project] INFO  o.e.m.c.i.e.AbstractTransferListenerAdapter - Downloading http://fiaprepodevops.fiap.com.br:8040/artifactory/libs-release/org/apache/maven/maven-artifact/2.0.6/maven-artifact-2.0.6.pom
2020-03-03 08:13:52,440 [Worker-10: Updating Maven Project] INFO  o.e.m.c.i.e.AbstractTransferListenerAdapter - Downloaded http://fiaprepodevops.fiap.com.br:8040/artifactory/libs-release/org/apache/maven/maven-artifact/2.0.6/maven-artifact-2.0.6.pom
2020-03-03 08:13:52,463 [Worker-10: Updating Maven Project] INFO  o.e.m.c.i.e.AbstractTransferListenerAdapter - Downloading http://fiaprepodevops.fiap.com.br:8040/artifactory/libs-release/org/apache/maven/maven-plugin-registry/2.0.6/maven-plugin-registry-2.0.6.pom
2020-03-03 08:13:52,693 [Worker-10: Updating Maven Project] INFO  o.e.m.c.i.e.AbstractTransferListenerAdapter - Downloaded http://fiaprepodevops.fiap.com.br:8040/artifactory/libs-release/org/apache/maven/maven-plugin-registry/2.0.6/maven-plugin-registry-2.0.6.pom
2020-03-03 08:13:52,715 [Worker-10: Updating Maven Project] INFO  o.e.m.c.i.e.AbstractTransferListenerAdapter - Downloading http://fiaprepodevops.fiap.com.br:8040/artifactory/libs-release/org/apache/maven/maven-core/2.0.6/maven-core-2.0.6.pom
2020-03-03 08:13:52,736 [Worker-10: Updating Maven Project] INFO  o.e.m.c.i.e.AbstractTransferListenerAdapter - Downloaded http://fiaprepodevops.fiap.com.br:8040/artifactory/libs-release/org/apache/maven/maven-core/2.0.6/maven-core-2.0.6.pom
2020-03-03 08:13:52,759 [Worker-10: Updating Maven Project] INFO  o.e.m.c.i.e.AbstractTransferListenerAdapter - Downloading http://fiaprepodevops.fiap.com.br:8040/artifactory/libs-release/org/apache/maven/maven-plugin-parameter-documenter/2.0.6/maven-plugin-parameter-documenter-2.0.6.pom
2020-03-03 08:13:52,773 [Worker-10: Updating Maven Project] INFO  o.e.m.c.i.e.AbstractTransferListenerAdapter - Downloaded http://fiaprepodevops.fiap.com.br:8040/artifactory/libs-release/org/apache/maven/maven-plugin-parameter-documenter/2.0.6/maven-plugin-parameter-documenter-2.0.6.pom
2020-03-03 08:13:52,794 [Worker-10: Updating Maven Project] INFO  o.e.m.c.i.e.AbstractTransferListenerAdapter - Downloading http://fiaprepodevops.fiap.com.br:8040/artifactory/libs-release/org/apache/maven/reporting/maven-reporting-api/2.0.6/maven-reporting-api-2.0.6.pom
2020-03-03 08:13:52,810 [Worker-10: Updating Maven Project] INFO  o.e.m.c.i.e.AbstractTransferListenerAdapter - Downloaded http://fiaprepodevops.fiap.com.br:8040/artifactory/libs-release/org/apache/maven/reporting/maven-reporting-api/2.0.6/maven-reporting-api-2.0.6.pom
2020-03-03 08:13:52,830 [Worker-10: Updating Maven Project] INFO  o.e.m.c.i.e.AbstractTransferListenerAdapter - Downloading http://fiaprepodevops.fiap.com.br:8040/artifactory/libs-release/org/apache/maven/reporting/maven-reporting/2.0.6/maven-reporting-2.0.6.pom
2020-03-03 08:13:52,842 [Worker-10: Updating Maven Project] INFO  o.e.m.c.i.e.AbstractTransferListenerAdapter - Downloaded http://fiaprepodevops.fiap.com.br:8040/artifactory/libs-release/org/apache/maven/reporting/maven-reporting/2.0.6/maven-reporting-2.0.6.pom
2020-03-03 08:13:52,865 [Worker-10: Updating Maven Project] INFO  o.e.m.c.i.e.AbstractTransferListenerAdapter - Downloading http://fiaprepodevops.fiap.com.br:8040/artifactory/libs-release/org/apache/maven/doxia/doxia-sink-api/1.0-alpha-7/doxia-sink-api-1.0-alpha-7.pom
2020-03-03 08:13:52,874 [Worker-10: Updating Maven Project] INFO  o.e.m.c.i.e.AbstractTransferListenerAdapter - Downloaded http://fiaprepodevops.fiap.com.br:8040/artifactory/libs-release/org/apache/maven/doxia/doxia-sink-api/1.0-alpha-7/doxia-sink-api-1.0-alpha-7.pom
2020-03-03 08:13:52,887 [Worker-10: Updating Maven Project] INFO  o.e.m.c.i.e.AbstractTransferListenerAdapter - Downloading http://fiaprepodevops.fiap.com.br:8040/artifactory/libs-release/org/apache/maven/doxia/doxia/1.0-alpha-7/doxia-1.0-alpha-7.pom
2020-03-03 08:13:52,898 [Worker-10: Updating Maven Project] INFO  o.e.m.c.i.e.AbstractTransferListenerAdapter - Downloaded http://fiaprepodevops.fiap.com.br:8040/artifactory/libs-release/org/apache/maven/doxia/doxia/1.0-alpha-7/doxia-1.0-alpha-7.pom
2020-03-03 08:13:52,911 [Worker-10: Updating Maven Project] INFO  o.e.m.c.i.e.AbstractTransferListenerAdapter - Downloading http://fiaprepodevops.fiap.com.br:8040/artifactory/libs-release/org/apache/maven/maven-error-diagnostics/2.0.6/maven-error-diagnostics-2.0.6.pom
2020-03-03 08:13:53,237 [Worker-10: Updating Maven Project] INFO  o.e.m.c.i.e.AbstractTransferListenerAdapter - Downloaded http://fiaprepodevops.fiap.com.br:8040/artifactory/libs-release/org/apache/maven/maven-error-diagnostics/2.0.6/maven-error-diagnostics-2.0.6.pom
2020-03-03 08:13:54,160 [Worker-10: Updating Maven Project] INFO  o.e.m.c.i.e.AbstractTransferListenerAdapter - Downloading http://fiaprepodevops.fiap.com.br:8040/artifactory/libs-release/commons-cli/commons-cli/1.0/commons-cli-1.0.pom
2020-03-03 08:13:54,217 [Worker-10: Updating Maven Project] INFO  o.e.m.c.i.e.AbstractTransferListenerAdapter - Downloaded http://fiaprepodevops.fiap.com.br:8040/artifactory/libs-release/commons-cli/commons-cli/1.0/commons-cli-1.0.pom
2020-03-03 08:13:54,233 [Worker-10: Updating Maven Project] INFO  o.e.m.c.i.e.AbstractTransferListenerAdapter - Downloading http://fiaprepodevops.fiap.com.br:8040/artifactory/libs-release/org/apache/maven/maven-plugin-descriptor/2.0.6/maven-plugin-descriptor-2.0.6.pom
2020-03-03 08:13:54,244 [Worker-10: Updating Maven Project] INFO  o.e.m.c.i.e.AbstractTransferListenerAdapter - Downloaded http://fiaprepodevops.fiap.com.br:8040/artifactory/libs-release/org/apache/maven/maven-plugin-descriptor/2.0.6/maven-plugin-descriptor-2.0.6.pom
2020-03-03 08:13:54,265 [Worker-10: Updating Maven Project] INFO  o.e.m.c.i.e.AbstractTransferListenerAdapter - Downloading http://fiaprepodevops.fiap.com.br:8040/artifactory/libs-release/org/codehaus/plexus/plexus-interactivity-api/1.0-alpha-4/plexus-interactivity-api-1.0-alpha-4.pom
2020-03-03 08:13:54,278 [Worker-10: Updating Maven Project] INFO  o.e.m.c.i.e.AbstractTransferListenerAdapter - Downloaded http://fiaprepodevops.fiap.com.br:8040/artifactory/libs-release/org/codehaus/plexus/plexus-interactivity-api/1.0-alpha-4/plexus-interactivity-api-1.0-alpha-4.pom
2020-03-03 08:13:54,296 [Worker-10: Updating Maven Project] INFO  o.e.m.c.i.e.AbstractTransferListenerAdapter - Downloading http://fiaprepodevops.fiap.com.br:8040/artifactory/libs-release/org/apache/maven/maven-monitor/2.0.6/maven-monitor-2.0.6.pom
2020-03-03 08:13:54,307 [Worker-10: Updating Maven Project] INFO  o.e.m.c.i.e.AbstractTransferListenerAdapter - Downloaded http://fiaprepodevops.fiap.com.br:8040/artifactory/libs-release/org/apache/maven/maven-monitor/2.0.6/maven-monitor-2.0.6.pom
2020-03-03 08:13:54,340 [Worker-10: Updating Maven Project] INFO  o.e.m.c.i.e.AbstractTransferListenerAdapter - Downloading http://fiaprepodevops.fiap.com.br:8040/artifactory/libs-release/org/apache/maven/shared/maven-filtering/1.1/maven-filtering-1.1.pom
2020-03-03 08:13:54,351 [Worker-10: Updating Maven Project] INFO  o.e.m.c.i.e.AbstractTransferListenerAdapter - Downloaded http://fiaprepodevops.fiap.com.br:8040/artifactory/libs-release/org/apache/maven/shared/maven-filtering/1.1/maven-filtering-1.1.pom
2020-03-03 08:13:54,365 [Worker-10: Updating Maven Project] INFO  o.e.m.c.i.e.AbstractTransferListenerAdapter - Downloading http://fiaprepodevops.fiap.com.br:8040/artifactory/libs-release/org/apache/maven/shared/maven-shared-components/17/maven-shared-components-17.pom
2020-03-03 08:13:55,612 [Worker-10: Updating Maven Project] INFO  o.e.m.c.i.e.AbstractTransferListenerAdapter - Downloaded http://fiaprepodevops.fiap.com.br:8040/artifactory/libs-release/org/apache/maven/shared/maven-shared-components/17/maven-shared-components-17.pom
2020-03-03 08:13:55,633 [Worker-10: Updating Maven Project] INFO  o.e.m.c.i.e.AbstractTransferListenerAdapter - Downloading http://fiaprepodevops.fiap.com.br:8040/artifactory/libs-release/org/codehaus/plexus/plexus-interpolation/1.12/plexus-interpolation-1.12.pom
2020-03-03 08:13:55,650 [Worker-10: Updating Maven Project] INFO  o.e.m.c.i.e.AbstractTransferListenerAdapter - Downloaded http://fiaprepodevops.fiap.com.br:8040/artifactory/libs-release/org/codehaus/plexus/plexus-interpolation/1.12/plexus-interpolation-1.12.pom
2020-03-03 08:13:55,669 [Worker-10: Updating Maven Project] INFO  o.e.m.c.i.e.AbstractTransferListenerAdapter - Downloading http://fiaprepodevops.fiap.com.br:8040/artifactory/libs-release/org/sonatype/plexus/plexus-build-api/0.0.4/plexus-build-api-0.0.4.pom
2020-03-03 08:13:55,685 [Worker-10: Updating Maven Project] INFO  o.e.m.c.i.e.AbstractTransferListenerAdapter - Downloaded http://fiaprepodevops.fiap.com.br:8040/artifactory/libs-release/org/sonatype/plexus/plexus-build-api/0.0.4/plexus-build-api-0.0.4.pom
2020-03-03 08:13:55,702 [Worker-10: Updating Maven Project] INFO  o.e.m.c.i.e.AbstractTransferListenerAdapter - Downloading http://fiaprepodevops.fiap.com.br:8040/artifactory/libs-release/org/sonatype/spice/spice-parent/10/spice-parent-10.pom
2020-03-03 08:13:55,717 [Worker-10: Updating Maven Project] INFO  o.e.m.c.i.e.AbstractTransferListenerAdapter - Downloaded http://fiaprepodevops.fiap.com.br:8040/artifactory/libs-release/org/sonatype/spice/spice-parent/10/spice-parent-10.pom
2020-03-03 08:13:55,737 [Worker-10: Updating Maven Project] INFO  o.e.m.c.i.e.AbstractTransferListenerAdapter - Downloading http://fiaprepodevops.fiap.com.br:8040/artifactory/libs-release/org/sonatype/forge/forge-parent/3/forge-parent-3.pom
2020-03-03 08:13:55,755 [Worker-10: Updating Maven Project] INFO  o.e.m.c.i.e.AbstractTransferListenerAdapter - Downloaded http://fiaprepodevops.fiap.com.br:8040/artifactory/libs-release/org/sonatype/forge/forge-parent/3/forge-parent-3.pom
2020-03-03 08:13:55,785 [Worker-10: Updating Maven Project] INFO  o.e.m.c.i.e.AbstractTransferListenerAdapter - Downloading http://fiaprepodevops.fiap.com.br:8040/artifactory/libs-release/org/codehaus/plexus/plexus-interpolation/1.13/plexus-interpolation-1.13.pom
2020-03-03 08:13:55,795 [Worker-10: Updating Maven Project] INFO  o.e.m.c.i.e.AbstractTransferListenerAdapter - Downloaded http://fiaprepodevops.fiap.com.br:8040/artifactory/libs-release/org/codehaus/plexus/plexus-interpolation/1.13/plexus-interpolation-1.13.pom
2020-03-03 08:13:55,811 [Worker-10: Updating Maven Project] INFO  o.e.m.c.i.e.AbstractTransferListenerAdapter - Downloading http://fiaprepodevops.fiap.com.br:8040/artifactory/libs-release/org/codehaus/plexus/plexus-components/1.1.15/plexus-components-1.1.15.pom
2020-03-03 08:13:55,824 [Worker-10: Updating Maven Project] INFO  o.e.m.c.i.e.AbstractTransferListenerAdapter - Downloaded http://fiaprepodevops.fiap.com.br:8040/artifactory/libs-release/org/codehaus/plexus/plexus-components/1.1.15/plexus-components-1.1.15.pom
2020-03-03 08:13:56,141 [Worker-10: Updating Maven Project] INFO  o.e.m.c.i.e.AbstractTransferListenerAdapter - Downloading http://fiaprepodevops.fiap.com.br:8040/artifactory/libs-release/org/codehaus/plexus/plexus/2.0.3/plexus-2.0.3.pom
2020-03-03 08:13:56,211 [Worker-10: Updating Maven Project] INFO  o.e.m.c.i.e.AbstractTransferListenerAdapter - Downloaded http://fiaprepodevops.fiap.com.br:8040/artifactory/libs-release/org/codehaus/plexus/plexus/2.0.3/plexus-2.0.3.pom
2020-03-03 08:13:56,267 [Worker-10: Updating Maven Project] INFO  o.e.m.c.i.e.AbstractTransferListenerAdapter - Downloading http://fiaprepodevops.fiap.com.br:8040/artifactory/libs-release/org/apache/maven/maven-plugin-api/2.0.6/maven-plugin-api-2.0.6.jar
2020-03-03 08:13:56,279 [Worker-10: Updating Maven Project] INFO  o.e.m.c.i.e.AbstractTransferListenerAdapter - Downloaded http://fiaprepodevops.fiap.com.br:8040/artifactory/libs-release/org/apache/maven/maven-plugin-api/2.0.6/maven-plugin-api-2.0.6.jar
2020-03-03 08:13:56,286 [Worker-10: Updating Maven Project] INFO  o.e.m.c.i.e.AbstractTransferListenerAdapter - Downloading http://fiaprepodevops.fiap.com.br:8040/artifactory/libs-release/org/apache/maven/maven-project/2.0.6/maven-project-2.0.6.jar
2020-03-03 08:13:56,718 [Worker-10: Updating Maven Project] INFO  o.e.m.c.i.e.AbstractTransferListenerAdapter - Downloaded http://fiaprepodevops.fiap.com.br:8040/artifactory/libs-release/org/apache/maven/maven-project/2.0.6/maven-project-2.0.6.jar
2020-03-03 08:13:56,728 [Worker-10: Updating Maven Project] INFO  o.e.m.c.i.e.AbstractTransferListenerAdapter - Downloading http://fiaprepodevops.fiap.com.br:8040/artifactory/libs-release/org/apache/maven/maven-profile/2.0.6/maven-profile-2.0.6.jar
2020-03-03 08:13:57,724 [Worker-10: Updating Maven Project] INFO  o.e.m.c.i.e.AbstractTransferListenerAdapter - Downloaded http://fiaprepodevops.fiap.com.br:8040/artifactory/libs-release/org/apache/maven/maven-profile/2.0.6/maven-profile-2.0.6.jar
2020-03-03 08:13:58,031 [Worker-10: Updating Maven Project] INFO  o.e.m.c.i.e.AbstractTransferListenerAdapter - Downloading http://fiaprepodevops.fiap.com.br:8040/artifactory/libs-release/org/apache/maven/maven-artifact-manager/2.0.6/maven-artifact-manager-2.0.6.jar
2020-03-03 08:13:59,224 [Worker-10: Updating Maven Project] INFO  o.e.m.c.i.e.AbstractTransferListenerAdapter - Downloaded http://fiaprepodevops.fiap.com.br:8040/artifactory/libs-release/org/apache/maven/maven-artifact-manager/2.0.6/maven-artifact-manager-2.0.6.jar
2020-03-03 08:13:59,232 [Worker-10: Updating Maven Project] INFO  o.e.m.c.i.e.AbstractTransferListenerAdapter - Downloading http://fiaprepodevops.fiap.com.br:8040/artifactory/libs-release/org/apache/maven/maven-plugin-registry/2.0.6/maven-plugin-registry-2.0.6.jar
2020-03-03 08:13:59,267 [Worker-10: Updating Maven Project] INFO  o.e.m.c.i.e.AbstractTransferListenerAdapter - Downloaded http://fiaprepodevops.fiap.com.br:8040/artifactory/libs-release/org/apache/maven/maven-plugin-registry/2.0.6/maven-plugin-registry-2.0.6.jar
2020-03-03 08:13:59,274 [Worker-10: Updating Maven Project] INFO  o.e.m.c.i.e.AbstractTransferListenerAdapter - Downloading http://fiaprepodevops.fiap.com.br:8040/artifactory/libs-release/org/apache/maven/maven-core/2.0.6/maven-core-2.0.6.jar
2020-03-03 08:13:59,404 [Worker-10: Updating Maven Project] INFO  o.e.m.c.i.e.AbstractTransferListenerAdapter - Downloaded http://fiaprepodevops.fiap.com.br:8040/artifactory/libs-release/org/apache/maven/maven-core/2.0.6/maven-core-2.0.6.jar
2020-03-03 08:13:59,412 [Worker-10: Updating Maven Project] INFO  o.e.m.c.i.e.AbstractTransferListenerAdapter - Downloading http://fiaprepodevops.fiap.com.br:8040/artifactory/libs-release/org/apache/maven/maven-plugin-parameter-documenter/2.0.6/maven-plugin-parameter-documenter-2.0.6.jar
2020-03-03 08:13:59,801 [Worker-10: Updating Maven Project] INFO  o.e.m.c.i.e.AbstractTransferListenerAdapter - Downloaded http://fiaprepodevops.fiap.com.br:8040/artifactory/libs-release/org/apache/maven/maven-plugin-parameter-documenter/2.0.6/maven-plugin-parameter-documenter-2.0.6.jar
2020-03-03 08:13:59,811 [Worker-10: Updating Maven Project] INFO  o.e.m.c.i.e.AbstractTransferListenerAdapter - Downloading http://fiaprepodevops.fiap.com.br:8040/artifactory/libs-release/org/apache/maven/reporting/maven-reporting-api/2.0.6/maven-reporting-api-2.0.6.jar
2020-03-03 08:14:00,128 [Worker-10: Updating Maven Project] INFO  o.e.m.c.i.e.AbstractTransferListenerAdapter - Downloaded http://fiaprepodevops.fiap.com.br:8040/artifactory/libs-release/org/apache/maven/reporting/maven-reporting-api/2.0.6/maven-reporting-api-2.0.6.jar
2020-03-03 08:14:00,136 [Worker-10: Updating Maven Project] INFO  o.e.m.c.i.e.AbstractTransferListenerAdapter - Downloading http://fiaprepodevops.fiap.com.br:8040/artifactory/libs-release/org/apache/maven/doxia/doxia-sink-api/1.0-alpha-7/doxia-sink-api-1.0-alpha-7.jar
2020-03-03 08:14:00,195 [Worker-10: Updating Maven Project] INFO  o.e.m.c.i.e.AbstractTransferListenerAdapter - Downloaded http://fiaprepodevops.fiap.com.br:8040/artifactory/libs-release/org/apache/maven/doxia/doxia-sink-api/1.0-alpha-7/doxia-sink-api-1.0-alpha-7.jar
2020-03-03 08:14:00,203 [Worker-10: Updating Maven Project] INFO  o.e.m.c.i.e.AbstractTransferListenerAdapter - Downloading http://fiaprepodevops.fiap.com.br:8040/artifactory/libs-release/org/apache/maven/maven-repository-metadata/2.0.6/maven-repository-metadata-2.0.6.jar
2020-03-03 08:14:00,591 [Worker-10: Updating Maven Project] INFO  o.e.m.c.i.e.AbstractTransferListenerAdapter - Downloaded http://fiaprepodevops.fiap.com.br:8040/artifactory/libs-release/org/apache/maven/maven-repository-metadata/2.0.6/maven-repository-metadata-2.0.6.jar
2020-03-03 08:14:00,600 [Worker-10: Updating Maven Project] INFO  o.e.m.c.i.e.AbstractTransferListenerAdapter - Downloading http://fiaprepodevops.fiap.com.br:8040/artifactory/libs-release/org/apache/maven/maven-error-diagnostics/2.0.6/maven-error-diagnostics-2.0.6.jar
2020-03-03 08:14:00,620 [Worker-10: Updating Maven Project] INFO  o.e.m.c.i.e.AbstractTransferListenerAdapter - Downloaded http://fiaprepodevops.fiap.com.br:8040/artifactory/libs-release/org/apache/maven/maven-error-diagnostics/2.0.6/maven-error-diagnostics-2.0.6.jar
2020-03-03 08:14:00,633 [Worker-10: Updating Maven Project] INFO  o.e.m.c.i.e.AbstractTransferListenerAdapter - Downloading http://fiaprepodevops.fiap.com.br:8040/artifactory/libs-release/commons-cli/commons-cli/1.0/commons-cli-1.0.jar
2020-03-03 08:14:00,663 [Worker-10: Updating Maven Project] INFO  o.e.m.c.i.e.AbstractTransferListenerAdapter - Downloaded http://fiaprepodevops.fiap.com.br:8040/artifactory/libs-release/commons-cli/commons-cli/1.0/commons-cli-1.0.jar
2020-03-03 08:14:00,671 [Worker-10: Updating Maven Project] INFO  o.e.m.c.i.e.AbstractTransferListenerAdapter - Downloading http://fiaprepodevops.fiap.com.br:8040/artifactory/libs-release/org/apache/maven/maven-plugin-descriptor/2.0.6/maven-plugin-descriptor-2.0.6.jar
2020-03-03 08:14:00,706 [Worker-10: Updating Maven Project] INFO  o.e.m.c.i.e.AbstractTransferListenerAdapter - Downloaded http://fiaprepodevops.fiap.com.br:8040/artifactory/libs-release/org/apache/maven/maven-plugin-descriptor/2.0.6/maven-plugin-descriptor-2.0.6.jar
2020-03-03 08:14:00,714 [Worker-10: Updating Maven Project] INFO  o.e.m.c.i.e.AbstractTransferListenerAdapter - Downloading http://fiaprepodevops.fiap.com.br:8040/artifactory/libs-release/org/codehaus/plexus/plexus-interactivity-api/1.0-alpha-4/plexus-interactivity-api-1.0-alpha-4.jar
2020-03-03 08:14:00,724 [Worker-10: Updating Maven Project] INFO  o.e.m.c.i.e.AbstractTransferListenerAdapter - Downloaded http://fiaprepodevops.fiap.com.br:8040/artifactory/libs-release/org/codehaus/plexus/plexus-interactivity-api/1.0-alpha-4/plexus-interactivity-api-1.0-alpha-4.jar
2020-03-03 08:14:00,732 [Worker-10: Updating Maven Project] INFO  o.e.m.c.i.e.AbstractTransferListenerAdapter - Downloading http://fiaprepodevops.fiap.com.br:8040/artifactory/libs-release/org/apache/maven/maven-artifact/2.0.6/maven-artifact-2.0.6.jar
2020-03-03 08:14:00,794 [Worker-10: Updating Maven Project] INFO  o.e.m.c.i.e.AbstractTransferListenerAdapter - Downloaded http://fiaprepodevops.fiap.com.br:8040/artifactory/libs-release/org/apache/maven/maven-artifact/2.0.6/maven-artifact-2.0.6.jar
2020-03-03 08:14:00,801 [Worker-10: Updating Maven Project] INFO  o.e.m.c.i.e.AbstractTransferListenerAdapter - Downloading http://fiaprepodevops.fiap.com.br:8040/artifactory/libs-release/org/apache/maven/maven-settings/2.0.6/maven-settings-2.0.6.jar
2020-03-03 08:14:00,837 [Worker-10: Updating Maven Project] INFO  o.e.m.c.i.e.AbstractTransferListenerAdapter - Downloaded http://fiaprepodevops.fiap.com.br:8040/artifactory/libs-release/org/apache/maven/maven-settings/2.0.6/maven-settings-2.0.6.jar
2020-03-03 08:14:00,845 [Worker-10: Updating Maven Project] INFO  o.e.m.c.i.e.AbstractTransferListenerAdapter - Downloading http://fiaprepodevops.fiap.com.br:8040/artifactory/libs-release/org/apache/maven/maven-model/2.0.6/maven-model-2.0.6.jar
2020-03-03 08:14:00,880 [Worker-10: Updating Maven Project] INFO  o.e.m.c.i.e.AbstractTransferListenerAdapter - Downloaded http://fiaprepodevops.fiap.com.br:8040/artifactory/libs-release/org/apache/maven/maven-model/2.0.6/maven-model-2.0.6.jar
2020-03-03 08:14:00,897 [Worker-10: Updating Maven Project] INFO  o.e.m.c.i.e.AbstractTransferListenerAdapter - Downloading http://fiaprepodevops.fiap.com.br:8040/artifactory/libs-release/org/apache/maven/maven-monitor/2.0.6/maven-monitor-2.0.6.jar
2020-03-03 08:14:00,911 [Worker-10: Updating Maven Project] INFO  o.e.m.c.i.e.AbstractTransferListenerAdapter - Downloaded http://fiaprepodevops.fiap.com.br:8040/artifactory/libs-release/org/apache/maven/maven-monitor/2.0.6/maven-monitor-2.0.6.jar
2020-03-03 08:14:00,919 [Worker-10: Updating Maven Project] INFO  o.e.m.c.i.e.AbstractTransferListenerAdapter - Downloading http://fiaprepodevops.fiap.com.br:8040/artifactory/libs-release/org/codehaus/plexus/plexus-utils/2.0.5/plexus-utils-2.0.5.jar
2020-03-03 08:14:01,301 [Worker-10: Updating Maven Project] INFO  o.e.m.c.i.e.AbstractTransferListenerAdapter - Downloaded http://fiaprepodevops.fiap.com.br:8040/artifactory/libs-release/org/codehaus/plexus/plexus-utils/2.0.5/plexus-utils-2.0.5.jar
2020-03-03 08:14:01,309 [Worker-10: Updating Maven Project] INFO  o.e.m.c.i.e.AbstractTransferListenerAdapter - Downloading http://fiaprepodevops.fiap.com.br:8040/artifactory/libs-release/org/apache/maven/shared/maven-filtering/1.1/maven-filtering-1.1.jar
2020-03-03 08:14:01,331 [Worker-10: Updating Maven Project] INFO  o.e.m.c.i.e.AbstractTransferListenerAdapter - Downloaded http://fiaprepodevops.fiap.com.br:8040/artifactory/libs-release/org/apache/maven/shared/maven-filtering/1.1/maven-filtering-1.1.jar
2020-03-03 08:14:01,339 [Worker-10: Updating Maven Project] INFO  o.e.m.c.i.e.AbstractTransferListenerAdapter - Downloading http://fiaprepodevops.fiap.com.br:8040/artifactory/libs-release/org/sonatype/plexus/plexus-build-api/0.0.4/plexus-build-api-0.0.4.jar
2020-03-03 08:14:01,349 [Worker-10: Updating Maven Project] INFO  o.e.m.c.i.e.AbstractTransferListenerAdapter - Downloaded http://fiaprepodevops.fiap.com.br:8040/artifactory/libs-release/org/sonatype/plexus/plexus-build-api/0.0.4/plexus-build-api-0.0.4.jar
2020-03-03 08:14:01,356 [Worker-10: Updating Maven Project] INFO  o.e.m.c.i.e.AbstractTransferListenerAdapter - Downloading http://fiaprepodevops.fiap.com.br:8040/artifactory/libs-release/org/codehaus/plexus/plexus-interpolation/1.13/plexus-interpolation-1.13.jar
2020-03-03 08:14:02,076 [Worker-10: Updating Maven Project] INFO  o.e.m.c.i.e.AbstractTransferListenerAdapter - Downloaded http://fiaprepodevops.fiap.com.br:8040/artifactory/libs-release/org/codehaus/plexus/plexus-interpolation/1.13/plexus-interpolation-1.13.jar
2020-03-03 08:14:04,053 [Worker-10: Updating Maven Project] INFO  o.e.m.j.i.AbstractJavaProjectConfigurator - Adding source folder /04-JPA-Introducao/src
2020-03-03 08:14:04,054 [Worker-10: Updating Maven Project] INFO  o.e.m.j.i.AbstractJavaProjectConfigurator - Not adding source folder /04-JPA-Introducao/src/test/java because it overlaps with /04-JPA-Introducao/src
2020-03-03 08:14:04,213 [Worker-10: Updating Maven Project] INFO  o.e.m.c.i.p.ProjectConfigurationManager - Update completed: 15 sec
2020-03-03 08:14:04,979 [Worker-14: Building workspace] WARN  o.e.m.c.i.embedder.EclipseLogger - Using platform encoding (Cp1252 actually) to copy filtered resources, i.e. build is platform dependent!
2020-03-03 08:14:04,980 [Worker-14: Building workspace] INFO  o.e.m.c.i.embedder.EclipseLogger - skip non existing resourceDirectory D:\Enterprise\04-JPA-Introducao\src\main\resources
2020-03-03 08:14:04,982 [Worker-14: Building workspace] WARN  o.e.m.c.i.embedder.EclipseLogger - Using platform encoding (Cp1252 actually) to copy filtered resources, i.e. build is platform dependent!
2020-03-03 08:14:04,983 [Worker-14: Building workspace] INFO  o.e.m.c.i.embedder.EclipseLogger - skip non existing resourceDirectory D:\Enterprise\04-JPA-Introducao\src\test\resources
2020-03-03 08:14:05,078 [Worker-14: Building workspace] INFO  o.e.m.c.i.e.AbstractTransferListenerAdapter - Downloading http://fiaprepodevops.fiap.com.br:8040/artifactory/libs-release/org/apache/maven/maven-archiver/2.5/maven-archiver-2.5.pom
2020-03-03 08:14:05,095 [Worker-14: Building workspace] INFO  o.e.m.c.i.e.AbstractTransferListenerAdapter - Downloaded http://fiaprepodevops.fiap.com.br:8040/artifactory/libs-release/org/apache/maven/maven-archiver/2.5/maven-archiver-2.5.pom
2020-03-03 08:14:05,149 [Worker-14: Building workspace] INFO  o.e.m.c.i.e.AbstractTransferListenerAdapter - Downloading http://fiaprepodevops.fiap.com.br:8040/artifactory/libs-release/org/codehaus/plexus/plexus-archiver/2.1/plexus-archiver-2.1.pom
2020-03-03 08:14:05,167 [Worker-14: Building workspace] INFO  o.e.m.c.i.e.AbstractTransferListenerAdapter - Downloaded http://fiaprepodevops.fiap.com.br:8040/artifactory/libs-release/org/codehaus/plexus/plexus-archiver/2.1/plexus-archiver-2.1.pom
2020-03-03 08:14:05,191 [Worker-14: Building workspace] INFO  o.e.m.c.i.e.AbstractTransferListenerAdapter - Downloading http://fiaprepodevops.fiap.com.br:8040/artifactory/libs-release/org/codehaus/plexus/plexus-utils/3.0/plexus-utils-3.0.pom
2020-03-03 08:14:05,208 [Worker-14: Building workspace] INFO  o.e.m.c.i.e.AbstractTransferListenerAdapter - Downloaded http://fiaprepodevops.fiap.com.br:8040/artifactory/libs-release/org/codehaus/plexus/plexus-utils/3.0/plexus-utils-3.0.pom
2020-03-03 08:14:05,227 [Worker-14: Building workspace] INFO  o.e.m.c.i.e.AbstractTransferListenerAdapter - Downloading http://fiaprepodevops.fiap.com.br:8040/artifactory/libs-release/org/sonatype/spice/spice-parent/16/spice-parent-16.pom
2020-03-03 08:14:05,245 [Worker-14: Building workspace] INFO  o.e.m.c.i.e.AbstractTransferListenerAdapter - Downloaded http://fiaprepodevops.fiap.com.br:8040/artifactory/libs-release/org/sonatype/spice/spice-parent/16/spice-parent-16.pom
2020-03-03 08:14:05,288 [Worker-14: Building workspace] INFO  o.e.m.c.i.e.AbstractTransferListenerAdapter - Downloading http://fiaprepodevops.fiap.com.br:8040/artifactory/libs-release/org/codehaus/plexus/plexus-io/2.0.2/plexus-io-2.0.2.pom
2020-03-03 08:14:05,359 [Worker-14: Building workspace] INFO  o.e.m.c.i.e.AbstractTransferListenerAdapter - Downloaded http://fiaprepodevops.fiap.com.br:8040/artifactory/libs-release/org/codehaus/plexus/plexus-io/2.0.2/plexus-io-2.0.2.pom
2020-03-03 08:14:05,380 [Worker-14: Building workspace] INFO  o.e.m.c.i.e.AbstractTransferListenerAdapter - Downloading http://fiaprepodevops.fiap.com.br:8040/artifactory/libs-release/org/codehaus/plexus/plexus-components/1.1.19/plexus-components-1.1.19.pom
2020-03-03 08:14:05,391 [Worker-14: Building workspace] INFO  o.e.m.c.i.e.AbstractTransferListenerAdapter - Downloaded http://fiaprepodevops.fiap.com.br:8040/artifactory/libs-release/org/codehaus/plexus/plexus-components/1.1.19/plexus-components-1.1.19.pom
2020-03-03 08:14:05,405 [Worker-14: Building workspace] INFO  o.e.m.c.i.e.AbstractTransferListenerAdapter - Downloading http://fiaprepodevops.fiap.com.br:8040/artifactory/libs-release/org/codehaus/plexus/plexus/3.0.1/plexus-3.0.1.pom
2020-03-03 08:14:05,426 [Worker-14: Building workspace] INFO  o.e.m.c.i.e.AbstractTransferListenerAdapter - Downloaded http://fiaprepodevops.fiap.com.br:8040/artifactory/libs-release/org/codehaus/plexus/plexus/3.0.1/plexus-3.0.1.pom
2020-03-03 08:14:05,448 [Worker-14: Building workspace] INFO  o.e.m.c.i.e.AbstractTransferListenerAdapter - Downloading http://fiaprepodevops.fiap.com.br:8040/artifactory/libs-release/org/codehaus/plexus/plexus-interpolation/1.15/plexus-interpolation-1.15.pom
2020-03-03 08:14:05,461 [Worker-14: Building workspace] INFO  o.e.m.c.i.e.AbstractTransferListenerAdapter - Downloaded http://fiaprepodevops.fiap.com.br:8040/artifactory/libs-release/org/codehaus/plexus/plexus-interpolation/1.15/plexus-interpolation-1.15.pom
2020-03-03 08:14:05,485 [Worker-14: Building workspace] INFO  o.e.m.c.i.e.AbstractTransferListenerAdapter - Downloading http://fiaprepodevops.fiap.com.br:8040/artifactory/libs-release/commons-lang/commons-lang/2.1/commons-lang-2.1.pom
2020-03-03 08:14:05,500 [Worker-14: Building workspace] INFO  o.e.m.c.i.e.AbstractTransferListenerAdapter - Downloaded http://fiaprepodevops.fiap.com.br:8040/artifactory/libs-release/commons-lang/commons-lang/2.1/commons-lang-2.1.pom
2020-03-03 08:14:05,540 [Worker-14: Building workspace] INFO  o.e.m.c.i.e.AbstractTransferListenerAdapter - Downloading http://fiaprepodevops.fiap.com.br:8040/artifactory/libs-release/org/apache/maven/maven-archiver/2.5/maven-archiver-2.5.jar
2020-03-03 08:14:05,551 [Worker-14: Building workspace] INFO  o.e.m.c.i.e.AbstractTransferListenerAdapter - Downloaded http://fiaprepodevops.fiap.com.br:8040/artifactory/libs-release/org/apache/maven/maven-archiver/2.5/maven-archiver-2.5.jar
2020-03-03 08:14:05,560 [Worker-14: Building workspace] INFO  o.e.m.c.i.e.AbstractTransferListenerAdapter - Downloading http://fiaprepodevops.fiap.com.br:8040/artifactory/libs-release/org/codehaus/plexus/plexus-interpolation/1.15/plexus-interpolation-1.15.jar
2020-03-03 08:14:06,262 [Worker-14: Building workspace] INFO  o.e.m.c.i.e.AbstractTransferListenerAdapter - Downloaded http://fiaprepodevops.fiap.com.br:8040/artifactory/libs-release/org/codehaus/plexus/plexus-interpolation/1.15/plexus-interpolation-1.15.jar
2020-03-03 08:14:06,276 [Worker-14: Building workspace] INFO  o.e.m.c.i.e.AbstractTransferListenerAdapter - Downloading http://fiaprepodevops.fiap.com.br:8040/artifactory/libs-release/org/codehaus/plexus/plexus-archiver/2.1/plexus-archiver-2.1.jar
2020-03-03 08:14:07,463 [Worker-14: Building workspace] INFO  o.e.m.c.i.e.AbstractTransferListenerAdapter - Downloaded http://fiaprepodevops.fiap.com.br:8040/artifactory/libs-release/org/codehaus/plexus/plexus-archiver/2.1/plexus-archiver-2.1.jar
2020-03-03 08:14:07,470 [Worker-14: Building workspace] INFO  o.e.m.c.i.e.AbstractTransferListenerAdapter - Downloading http://fiaprepodevops.fiap.com.br:8040/artifactory/libs-release/org/codehaus/plexus/plexus-io/2.0.2/plexus-io-2.0.2.jar
2020-03-03 08:14:07,492 [Worker-14: Building workspace] INFO  o.e.m.c.i.e.AbstractTransferListenerAdapter - Downloaded http://fiaprepodevops.fiap.com.br:8040/artifactory/libs-release/org/codehaus/plexus/plexus-io/2.0.2/plexus-io-2.0.2.jar
2020-03-03 08:14:07,501 [Worker-14: Building workspace] INFO  o.e.m.c.i.e.AbstractTransferListenerAdapter - Downloading http://fiaprepodevops.fiap.com.br:8040/artifactory/libs-release/commons-lang/commons-lang/2.1/commons-lang-2.1.jar
2020-03-03 08:14:10,225 [Worker-14: Building workspace] INFO  o.e.m.c.i.e.AbstractTransferListenerAdapter - Downloaded http://fiaprepodevops.fiap.com.br:8040/artifactory/libs-release/commons-lang/commons-lang/2.1/commons-lang-2.1.jar
2020-03-03 08:14:10,235 [Worker-14: Building workspace] INFO  o.e.m.c.i.e.AbstractTransferListenerAdapter - Downloading http://fiaprepodevops.fiap.com.br:8040/artifactory/libs-release/org/codehaus/plexus/plexus-utils/3.0/plexus-utils-3.0.jar
2020-03-03 08:14:14,791 [Worker-14: Building workspace] INFO  o.e.m.c.i.e.AbstractTransferListenerAdapter - Downloaded http://fiaprepodevops.fiap.com.br:8040/artifactory/libs-release/org/codehaus/plexus/plexus-utils/3.0/plexus-utils-3.0.jar
2020-03-03 08:17:49,927 [Worker-19: Building workspace] WARN  o.e.m.c.i.embedder.EclipseLogger - Using platform encoding (Cp1252 actually) to copy filtered resources, i.e. build is platform dependent!
2020-03-03 08:17:49,928 [Worker-19: Building workspace] INFO  o.e.m.c.i.embedder.EclipseLogger - skip non existing resourceDirectory D:\Enterprise\04-JPA-Introducao\src\main\resources
2020-03-03 08:17:49,929 [Worker-19: Building workspace] WARN  o.e.m.c.i.embedder.EclipseLogger - Using platform encoding (Cp1252 actually) to copy filtered resources, i.e. build is platform dependent!
2020-03-03 08:17:49,929 [Worker-19: Building workspace] INFO  o.e.m.c.i.embedder.EclipseLogger - skip non existing resourceDirectory D:\Enterprise\04-JPA-Introducao\src\test\resources
2020-03-03 08:18:14,812 [Worker-19: Building workspace] WARN  o.e.m.c.i.embedder.EclipseLogger - Using platform encoding (Cp1252 actually) to copy filtered resources, i.e. build is platform dependent!
2020-03-03 08:18:14,814 [Worker-19: Building workspace] INFO  o.e.m.c.i.embedder.EclipseLogger - skip non existing resourceDirectory D:\Enterprise\04-JPA-Introducao\src\main\resources
2020-03-03 08:18:14,816 [Worker-19: Building workspace] WARN  o.e.m.c.i.embedder.EclipseLogger - Using platform encoding (Cp1252 actually) to copy filtered resources, i.e. build is platform dependent!
2020-03-03 08:18:14,816 [Worker-19: Building workspace] INFO  o.e.m.c.i.embedder.EclipseLogger - skip non existing resourceDirectory D:\Enterprise\04-JPA-Introducao\src\test\resources
2020-03-03 08:23:26,555 [Worker-19: Launching RefreshTeste] WARN  o.e.m.c.i.embedder.EclipseLogger - Using platform encoding (Cp1252 actually) to copy filtered resources, i.e. build is platform dependent!
2020-03-03 08:23:26,556 [Worker-19: Launching RefreshTeste] INFO  o.e.m.c.i.embedder.EclipseLogger - skip non existing resourceDirectory D:\Enterprise\04-JPA-Introducao\src\main\resources
2020-03-03 08:23:26,557 [Worker-19: Launching RefreshTeste] WARN  o.e.m.c.i.embedder.EclipseLogger - Using platform encoding (Cp1252 actually) to copy filtered resources, i.e. build is platform dependent!
2020-03-03 08:23:26,558 [Worker-19: Launching RefreshTeste] INFO  o.e.m.c.i.embedder.EclipseLogger - skip non existing resourceDirectory D:\Enterprise\04-JPA-Introducao\src\test\resources
2020-03-03 08:25:12,359 [Worker-22: Building workspace] WARN  o.e.m.c.i.embedder.EclipseLogger - Using platform encoding (Cp1252 actually) to copy filtered resources, i.e. build is platform dependent!
2020-03-03 08:25:12,360 [Worker-22: Building workspace] INFO  o.e.m.c.i.embedder.EclipseLogger - skip non existing resourceDirectory D:\Enterprise\04-JPA-Introducao\src\main\resources
2020-03-03 08:25:12,371 [Worker-22: Building workspace] WARN  o.e.m.c.i.embedder.EclipseLogger - Using platform encoding (Cp1252 actually) to copy filtered resources, i.e. build is platform dependent!
2020-03-03 08:25:12,372 [Worker-22: Building workspace] INFO  o.e.m.c.i.embedder.EclipseLogger - skip non existing resourceDirectory D:\Enterprise\04-JPA-Introducao\src\test\resources
2020-03-03 08:26:38,239 [Worker-22: Building workspace] WARN  o.e.m.c.i.embedder.EclipseLogger - Using platform encoding (Cp1252 actually) to copy filtered resources, i.e. build is platform dependent!
2020-03-03 08:26:38,240 [Worker-22: Building workspace] INFO  o.e.m.c.i.embedder.EclipseLogger - skip non existing resourceDirectory D:\Enterprise\04-JPA-Introducao\src\main\resources
2020-03-03 08:26:38,241 [Worker-22: Building workspace] WARN  o.e.m.c.i.embedder.EclipseLogger - Using platform encoding (Cp1252 actually) to copy filtered resources, i.e. build is platform dependent!
2020-03-03 08:26:38,242 [Worker-22: Building workspace] INFO  o.e.m.c.i.embedder.EclipseLogger - skip non existing resourceDirectory D:\Enterprise\04-JPA-Introducao\src\test\resources
2020-03-03 08:32:25,628 [Worker-25: Building workspace] WARN  o.e.m.c.i.embedder.EclipseLogger - Using platform encoding (Cp1252 actually) to copy filtered resources, i.e. build is platform dependent!
2020-03-03 08:32:25,629 [Worker-25: Building workspace] INFO  o.e.m.c.i.embedder.EclipseLogger - skip non existing resourceDirectory D:\Enterprise\04-JPA-Introducao\src\main\resources
2020-03-03 08:32:25,630 [Worker-25: Building workspace] WARN  o.e.m.c.i.embedder.EclipseLogger - Using platform encoding (Cp1252 actually) to copy filtered resources, i.e. build is platform dependent!
2020-03-03 08:32:25,630 [Worker-25: Building workspace] INFO  o.e.m.c.i.embedder.EclipseLogger - skip non existing resourceDirectory D:\Enterprise\04-JPA-Introducao\src\test\resources
2020-03-03 08:38:42,637 [Worker-28: Building workspace] WARN  o.e.m.c.i.embedder.EclipseLogger - Using platform encoding (Cp1252 actually) to copy filtered resources, i.e. build is platform dependent!
2020-03-03 08:38:42,638 [Worker-28: Building workspace] INFO  o.e.m.c.i.embedder.EclipseLogger - skip non existing resourceDirectory D:\Enterprise\04-JPA-Introducao\src\main\resources
2020-03-03 08:38:42,640 [Worker-28: Building workspace] WARN  o.e.m.c.i.embedder.EclipseLogger - Using platform encoding (Cp1252 actually) to copy filtered resources, i.e. build is platform dependent!
2020-03-03 08:38:42,641 [Worker-28: Building workspace] INFO  o.e.m.c.i.embedder.EclipseLogger - skip non existing resourceDirectory D:\Enterprise\04-JPA-Introducao\src\test\resources
2020-03-03 08:40:47,233 [Worker-22: Building workspace] WARN  o.e.m.c.i.embedder.EclipseLogger - Using platform encoding (Cp1252 actually) to copy filtered resources, i.e. build is platform dependent!
2020-03-03 08:40:47,234 [Worker-22: Building workspace] INFO  o.e.m.c.i.embedder.EclipseLogger - skip non existing resourceDirectory D:\Enterprise\04-JPA-Introducao\src\main\resources
2020-03-03 08:40:47,235 [Worker-22: Building workspace] WARN  o.e.m.c.i.embedder.EclipseLogger - Using platform encoding (Cp1252 actually) to copy filtered resources, i.e. build is platform dependent!
2020-03-03 08:40:47,235 [Worker-22: Building workspace] INFO  o.e.m.c.i.embedder.EclipseLogger - skip non existing resourceDirectory D:\Enterprise\04-JPA-Introducao\src\test\resources
2020-03-03 08:41:33,330 [Worker-30: Building workspace] WARN  o.e.m.c.i.embedder.EclipseLogger - Using platform encoding (Cp1252 actually) to copy filtered resources, i.e. build is platform dependent!
2020-03-03 08:41:33,331 [Worker-30: Building workspace] INFO  o.e.m.c.i.embedder.EclipseLogger - skip non existing resourceDirectory D:\Enterprise\04-JPA-Introducao\src\main\resources
2020-03-03 08:41:33,332 [Worker-30: Building workspace] WARN  o.e.m.c.i.embedder.EclipseLogger - Using platform encoding (Cp1252 actually) to copy filtered resources, i.e. build is platform dependent!
2020-03-03 08:41:33,333 [Worker-30: Building workspace] INFO  o.e.m.c.i.embedder.EclipseLogger - skip non existing resourceDirectory D:\Enterprise\04-JPA-Introducao\src\test\resources
2020-03-03 08:41:42,709 [Worker-30: Building workspace] WARN  o.e.m.c.i.embedder.EclipseLogger - Using platform encoding (Cp1252 actually) to copy filtered resources, i.e. build is platform dependent!
2020-03-03 08:41:42,710 [Worker-30: Building workspace] INFO  o.e.m.c.i.embedder.EclipseLogger - skip non existing resourceDirectory D:\Enterprise\04-JPA-Introducao\src\main\resources
2020-03-03 08:41:42,711 [Worker-30: Building workspace] WARN  o.e.m.c.i.embedder.EclipseLogger - Using platform encoding (Cp1252 actually) to copy filtered resources, i.e. build is platform dependent!
2020-03-03 08:41:42,711 [Worker-30: Building workspace] INFO  o.e.m.c.i.embedder.EclipseLogger - skip non existing resourceDirectory D:\Enterprise\04-JPA-Introducao\src\test\resources
2020-03-03 08:45:02,314 [Worker-32: Enabling Maven Dependency Management] INFO  o.e.m.c.i.l.LifecycleMappingFactory - Using org.eclipse.m2e.jdt.JarLifecycleMapping lifecycle mapping for MavenProject: 05-JPA-API:05-JPA-API:0.0.1-SNAPSHOT @ D:\Enterprise\05-JPA-API\pom.xml.
2020-03-03 08:45:02,691 [Worker-32: Enabling Maven Dependency Management] INFO  o.e.m.j.i.AbstractJavaProjectConfigurator - Adding source folder /05-JPA-API/src
2020-03-03 08:45:02,692 [Worker-32: Enabling Maven Dependency Management] INFO  o.e.m.j.i.AbstractJavaProjectConfigurator - Not adding source folder /05-JPA-API/src/test/java because it overlaps with /05-JPA-API/src
2020-03-03 08:45:02,865 [Worker-32: Enabling Maven Dependency Management] INFO  o.e.m.c.i.p.ProjectConfigurationManager - Update started
2020-03-03 08:45:02,895 [Worker-32: Enabling Maven Dependency Management] INFO  o.e.m.c.i.l.LifecycleMappingFactory - Using org.eclipse.m2e.jdt.JarLifecycleMapping lifecycle mapping for MavenProject: 05-JPA-API:05-JPA-API:0.0.1-SNAPSHOT @ D:\Enterprise\05-JPA-API\pom.xml.
2020-03-03 08:45:02,986 [Worker-32: Enabling Maven Dependency Management] INFO  o.e.m.j.i.AbstractJavaProjectConfigurator - Adding source folder /05-JPA-API/src
2020-03-03 08:45:02,987 [Worker-32: Enabling Maven Dependency Management] INFO  o.e.m.j.i.AbstractJavaProjectConfigurator - Not adding source folder /05-JPA-API/src/test/java because it overlaps with /05-JPA-API/src
2020-03-03 08:45:03,036 [Worker-32: Enabling Maven Dependency Management] INFO  o.e.m.c.i.p.ProjectConfigurationManager - Update completed: 0 sec
2020-03-03 08:45:03,149 [Worker-29: Building workspace] WARN  o.e.m.c.i.embedder.EclipseLogger - Using platform encoding (Cp1252 actually) to copy filtered resources, i.e. build is platform dependent!
2020-03-03 08:45:03,150 [Worker-29: Building workspace] INFO  o.e.m.c.i.embedder.EclipseLogger - skip non existing resourceDirectory D:\Enterprise\05-JPA-API\src\main\resources
2020-03-03 08:45:03,151 [Worker-29: Building workspace] WARN  o.e.m.c.i.embedder.EclipseLogger - Using platform encoding (Cp1252 actually) to copy filtered resources, i.e. build is platform dependent!
2020-03-03 08:45:03,152 [Worker-29: Building workspace] INFO  o.e.m.c.i.embedder.EclipseLogger - skip non existing resourceDirectory D:\Enterprise\05-JPA-API\src\test\resources
2020-03-03 08:46:07,969 [Worker-32: Building workspace] INFO  o.e.m.c.i.l.LifecycleMappingFactory - Using org.eclipse.m2e.jdt.JarLifecycleMapping lifecycle mapping for MavenProject: 05-JPA-API:05-JPA-API:0.0.1-SNAPSHOT @ D:\Enterprise\05-JPA-API\pom.xml.
2020-03-03 08:46:08,104 [Worker-32: Building workspace] WARN  o.e.m.c.i.embedder.EclipseLogger - Using platform encoding (Cp1252 actually) to copy filtered resources, i.e. build is platform dependent!
2020-03-03 08:46:08,104 [Worker-32: Building workspace] INFO  o.e.m.c.i.embedder.EclipseLogger - skip non existing resourceDirectory D:\Enterprise\05-JPA-API\src\main\resources
2020-03-03 08:46:08,105 [Worker-32: Building workspace] WARN  o.e.m.c.i.embedder.EclipseLogger - Using platform encoding (Cp1252 actually) to copy filtered resources, i.e. build is platform dependent!
2020-03-03 08:46:08,106 [Worker-32: Building workspace] INFO  o.e.m.c.i.embedder.EclipseLogger - skip non existing resourceDirectory D:\Enterprise\05-JPA-API\src\test\resources
2020-03-03 08:46:09,321 [Worker-32: Building workspace] WARN  o.e.m.c.i.embedder.EclipseLogger - Using platform encoding (Cp1252 actually) to copy filtered resources, i.e. build is platform dependent!
2020-03-03 08:46:09,322 [Worker-32: Building workspace] INFO  o.e.m.c.i.embedder.EclipseLogger - skip non existing resourceDirectory D:\Enterprise\05-JPA-API\src\main\resources
2020-03-03 08:46:09,323 [Worker-32: Building workspace] WARN  o.e.m.c.i.embedder.EclipseLogger - Using platform encoding (Cp1252 actually) to copy filtered resources, i.e. build is platform dependent!
2020-03-03 08:46:09,324 [Worker-32: Building workspace] INFO  o.e.m.c.i.embedder.EclipseLogger - skip non existing resourceDirectory D:\Enterprise\05-JPA-API\src\test\resources
2020-03-03 08:47:46,767 [Worker-33: Building workspace] WARN  o.e.m.c.i.embedder.EclipseLogger - Using platform encoding (Cp1252 actually) to copy filtered resources, i.e. build is platform dependent!
2020-03-03 08:47:46,768 [Worker-33: Building workspace] INFO  o.e.m.c.i.embedder.EclipseLogger - skip non existing resourceDirectory D:\Enterprise\05-JPA-API\src\main\resources
2020-03-03 08:47:46,769 [Worker-33: Building workspace] WARN  o.e.m.c.i.embedder.EclipseLogger - Using platform encoding (Cp1252 actually) to copy filtered resources, i.e. build is platform dependent!
2020-03-03 08:47:46,769 [Worker-33: Building workspace] INFO  o.e.m.c.i.embedder.EclipseLogger - skip non existing resourceDirectory D:\Enterprise\05-JPA-API\src\test\resources
2020-03-03 08:54:15,512 [Worker-36: Building workspace] WARN  o.e.m.c.i.embedder.EclipseLogger - Using platform encoding (Cp1252 actually) to copy filtered resources, i.e. build is platform dependent!
2020-03-03 08:54:15,513 [Worker-36: Building workspace] INFO  o.e.m.c.i.embedder.EclipseLogger - skip non existing resourceDirectory D:\Enterprise\05-JPA-API\src\main\resources
2020-03-03 08:54:15,515 [Worker-36: Building workspace] WARN  o.e.m.c.i.embedder.EclipseLogger - Using platform encoding (Cp1252 actually) to copy filtered resources, i.e. build is platform dependent!
2020-03-03 08:54:15,515 [Worker-36: Building workspace] INFO  o.e.m.c.i.embedder.EclipseLogger - skip non existing resourceDirectory D:\Enterprise\05-JPA-API\src\test\resources
2020-03-03 08:54:25,290 [Worker-34: Building workspace] WARN  o.e.m.c.i.embedder.EclipseLogger - Using platform encoding (Cp1252 actually) to copy filtered resources, i.e. build is platform dependent!
2020-03-03 08:54:25,291 [Worker-34: Building workspace] INFO  o.e.m.c.i.embedder.EclipseLogger - skip non existing resourceDirectory D:\Enterprise\05-JPA-API\src\main\resources
2020-03-03 08:54:25,293 [Worker-34: Building workspace] WARN  o.e.m.c.i.embedder.EclipseLogger - Using platform encoding (Cp1252 actually) to copy filtered resources, i.e. build is platform dependent!
2020-03-03 08:54:25,294 [Worker-34: Building workspace] INFO  o.e.m.c.i.embedder.EclipseLogger - skip non existing resourceDirectory D:\Enterprise\05-JPA-API\src\test\resources
2020-03-03 08:57:20,102 [Worker-38: Building workspace] WARN  o.e.m.c.i.embedder.EclipseLogger - Using platform encoding (Cp1252 actually) to copy filtered resources, i.e. build is platform dependent!
2020-03-03 08:57:20,103 [Worker-38: Building workspace] INFO  o.e.m.c.i.embedder.EclipseLogger - skip non existing resourceDirectory D:\Enterprise\05-JPA-API\src\main\resources
2020-03-03 08:57:20,104 [Worker-38: Building workspace] WARN  o.e.m.c.i.embedder.EclipseLogger - Using platform encoding (Cp1252 actually) to copy filtered resources, i.e. build is platform dependent!
2020-03-03 08:57:20,105 [Worker-38: Building workspace] INFO  o.e.m.c.i.embedder.EclipseLogger - skip non existing resourceDirectory D:\Enterprise\05-JPA-API\src\test\resources
2020-03-03 09:02:50,909 [Worker-39: Building workspace] WARN  o.e.m.c.i.embedder.EclipseLogger - Using platform encoding (Cp1252 actually) to copy filtered resources, i.e. build is platform dependent!
2020-03-03 09:02:50,910 [Worker-39: Building workspace] INFO  o.e.m.c.i.embedder.EclipseLogger - skip non existing resourceDirectory D:\Enterprise\05-JPA-API\src\main\resources
2020-03-03 09:02:50,911 [Worker-39: Building workspace] WARN  o.e.m.c.i.embedder.EclipseLogger - Using platform encoding (Cp1252 actually) to copy filtered resources, i.e. build is platform dependent!
2020-03-03 09:02:50,911 [Worker-39: Building workspace] INFO  o.e.m.c.i.embedder.EclipseLogger - skip non existing resourceDirectory D:\Enterprise\05-JPA-API\src\test\resources
2020-03-03 09:03:50,638 [Worker-39: Building workspace] WARN  o.e.m.c.i.embedder.EclipseLogger - Using platform encoding (Cp1252 actually) to copy filtered resources, i.e. build is platform dependent!
2020-03-03 09:03:50,639 [Worker-39: Building workspace] INFO  o.e.m.c.i.embedder.EclipseLogger - skip non existing resourceDirectory D:\Enterprise\05-JPA-API\src\main\resources
2020-03-03 09:03:50,640 [Worker-39: Building workspace] WARN  o.e.m.c.i.embedder.EclipseLogger - Using platform encoding (Cp1252 actually) to copy filtered resources, i.e. build is platform dependent!
2020-03-03 09:03:50,640 [Worker-39: Building workspace] INFO  o.e.m.c.i.embedder.EclipseLogger - skip non existing resourceDirectory D:\Enterprise\05-JPA-API\src\test\resources
2020-03-03 09:04:43,963 [Worker-34: Building workspace] WARN  o.e.m.c.i.embedder.EclipseLogger - Using platform encoding (Cp1252 actually) to copy filtered resources, i.e. build is platform dependent!
2020-03-03 09:04:43,964 [Worker-34: Building workspace] INFO  o.e.m.c.i.embedder.EclipseLogger - skip non existing resourceDirectory D:\Enterprise\05-JPA-API\src\main\resources
2020-03-03 09:04:43,965 [Worker-34: Building workspace] WARN  o.e.m.c.i.embedder.EclipseLogger - Using platform encoding (Cp1252 actually) to copy filtered resources, i.e. build is platform dependent!
2020-03-03 09:04:43,966 [Worker-34: Building workspace] INFO  o.e.m.c.i.embedder.EclipseLogger - skip non existing resourceDirectory D:\Enterprise\05-JPA-API\src\test\resources
2020-03-03 09:06:08,100 [Worker-34: Building workspace] WARN  o.e.m.c.i.embedder.EclipseLogger - Using platform encoding (Cp1252 actually) to copy filtered resources, i.e. build is platform dependent!
2020-03-03 09:06:08,101 [Worker-34: Building workspace] INFO  o.e.m.c.i.embedder.EclipseLogger - skip non existing resourceDirectory D:\Enterprise\05-JPA-API\src\main\resources
2020-03-03 09:06:08,102 [Worker-34: Building workspace] WARN  o.e.m.c.i.embedder.EclipseLogger - Using platform encoding (Cp1252 actually) to copy filtered resources, i.e. build is platform dependent!
2020-03-03 09:06:08,102 [Worker-34: Building workspace] INFO  o.e.m.c.i.embedder.EclipseLogger - skip non existing resourceDirectory D:\Enterprise\05-JPA-API\src\test\resources
2020-03-03 09:07:24,805 [Worker-29: Building workspace] WARN  o.e.m.c.i.embedder.EclipseLogger - Using platform encoding (Cp1252 actually) to copy filtered resources, i.e. build is platform dependent!
2020-03-03 09:07:24,805 [Worker-29: Building workspace] INFO  o.e.m.c.i.embedder.EclipseLogger - skip non existing resourceDirectory D:\Enterprise\05-JPA-API\src\main\resources
2020-03-03 09:07:24,806 [Worker-29: Building workspace] WARN  o.e.m.c.i.embedder.EclipseLogger - Using platform encoding (Cp1252 actually) to copy filtered resources, i.e. build is platform dependent!
2020-03-03 09:07:24,807 [Worker-29: Building workspace] INFO  o.e.m.c.i.embedder.EclipseLogger - skip non existing resourceDirectory D:\Enterprise\05-JPA-API\src\test\resources
2020-03-03 09:07:32,312 [Worker-39: Building workspace] WARN  o.e.m.c.i.embedder.EclipseLogger - Using platform encoding (Cp1252 actually) to copy filtered resources, i.e. build is platform dependent!
2020-03-03 09:07:32,313 [Worker-39: Building workspace] INFO  o.e.m.c.i.embedder.EclipseLogger - skip non existing resourceDirectory D:\Enterprise\05-JPA-API\src\main\resources
2020-03-03 09:07:32,314 [Worker-39: Building workspace] WARN  o.e.m.c.i.embedder.EclipseLogger - Using platform encoding (Cp1252 actually) to copy filtered resources, i.e. build is platform dependent!
2020-03-03 09:07:32,314 [Worker-39: Building workspace] INFO  o.e.m.c.i.embedder.EclipseLogger - skip non existing resourceDirectory D:\Enterprise\05-JPA-API\src\test\resources
2020-03-03 09:08:03,766 [Worker-34: Building workspace] WARN  o.e.m.c.i.embedder.EclipseLogger - Using platform encoding (Cp1252 actually) to copy filtered resources, i.e. build is platform dependent!
2020-03-03 09:08:03,767 [Worker-34: Building workspace] INFO  o.e.m.c.i.embedder.EclipseLogger - skip non existing resourceDirectory D:\Enterprise\05-JPA-API\src\main\resources
2020-03-03 09:08:03,768 [Worker-34: Building workspace] WARN  o.e.m.c.i.embedder.EclipseLogger - Using platform encoding (Cp1252 actually) to copy filtered resources, i.e. build is platform dependent!
2020-03-03 09:08:03,768 [Worker-34: Building workspace] INFO  o.e.m.c.i.embedder.EclipseLogger - skip non existing resourceDirectory D:\Enterprise\05-JPA-API\src\test\resources
2020-03-03 09:09:54,842 [Worker-35: Building workspace] WARN  o.e.m.c.i.embedder.EclipseLogger - Using platform encoding (Cp1252 actually) to copy filtered resources, i.e. build is platform dependent!
2020-03-03 09:09:54,843 [Worker-35: Building workspace] INFO  o.e.m.c.i.embedder.EclipseLogger - skip non existing resourceDirectory D:\Enterprise\05-JPA-API\src\main\resources
2020-03-03 09:09:54,843 [Worker-35: Building workspace] WARN  o.e.m.c.i.embedder.EclipseLogger - Using platform encoding (Cp1252 actually) to copy filtered resources, i.e. build is platform dependent!
2020-03-03 09:09:54,844 [Worker-35: Building workspace] INFO  o.e.m.c.i.embedder.EclipseLogger - skip non existing resourceDirectory D:\Enterprise\05-JPA-API\src\test\resources
2020-03-03 09:12:28,686 [Worker-34: Building workspace] WARN  o.e.m.c.i.embedder.EclipseLogger - Using platform encoding (Cp1252 actually) to copy filtered resources, i.e. build is platform dependent!
2020-03-03 09:12:28,687 [Worker-34: Building workspace] INFO  o.e.m.c.i.embedder.EclipseLogger - skip non existing resourceDirectory D:\Enterprise\05-JPA-API\src\main\resources
2020-03-03 09:12:28,688 [Worker-34: Building workspace] WARN  o.e.m.c.i.embedder.EclipseLogger - Using platform encoding (Cp1252 actually) to copy filtered resources, i.e. build is platform dependent!
2020-03-03 09:12:28,688 [Worker-34: Building workspace] INFO  o.e.m.c.i.embedder.EclipseLogger - skip non existing resourceDirectory D:\Enterprise\05-JPA-API\src\test\resources
2020-03-03 09:12:54,625 [Worker-37: Building workspace] WARN  o.e.m.c.i.embedder.EclipseLogger - Using platform encoding (Cp1252 actually) to copy filtered resources, i.e. build is platform dependent!
2020-03-03 09:12:54,626 [Worker-37: Building workspace] INFO  o.e.m.c.i.embedder.EclipseLogger - skip non existing resourceDirectory D:\Enterprise\05-JPA-API\src\main\resources
2020-03-03 09:12:54,627 [Worker-37: Building workspace] WARN  o.e.m.c.i.embedder.EclipseLogger - Using platform encoding (Cp1252 actually) to copy filtered resources, i.e. build is platform dependent!
2020-03-03 09:12:54,627 [Worker-37: Building workspace] INFO  o.e.m.c.i.embedder.EclipseLogger - skip non existing resourceDirectory D:\Enterprise\05-JPA-API\src\test\resources
2020-03-03 09:13:13,254 [Worker-35: Building workspace] WARN  o.e.m.c.i.embedder.EclipseLogger - Using platform encoding (Cp1252 actually) to copy filtered resources, i.e. build is platform dependent!
2020-03-03 09:13:13,254 [Worker-35: Building workspace] INFO  o.e.m.c.i.embedder.EclipseLogger - skip non existing resourceDirectory D:\Enterprise\05-JPA-API\src\main\resources
2020-03-03 09:13:13,255 [Worker-35: Building workspace] WARN  o.e.m.c.i.embedder.EclipseLogger - Using platform encoding (Cp1252 actually) to copy filtered resources, i.e. build is platform dependent!
2020-03-03 09:13:13,256 [Worker-35: Building workspace] INFO  o.e.m.c.i.embedder.EclipseLogger - skip non existing resourceDirectory D:\Enterprise\05-JPA-API\src\test\resources
2020-03-03 09:15:05,665 [Worker-35: Building workspace] WARN  o.e.m.c.i.embedder.EclipseLogger - Using platform encoding (Cp1252 actually) to copy filtered resources, i.e. build is platform dependent!
2020-03-03 09:15:05,666 [Worker-35: Building workspace] INFO  o.e.m.c.i.embedder.EclipseLogger - skip non existing resourceDirectory D:\Enterprise\05-JPA-API\src\main\resources
2020-03-03 09:15:05,666 [Worker-35: Building workspace] WARN  o.e.m.c.i.embedder.EclipseLogger - Using platform encoding (Cp1252 actually) to copy filtered resources, i.e. build is platform dependent!
2020-03-03 09:15:05,667 [Worker-35: Building workspace] INFO  o.e.m.c.i.embedder.EclipseLogger - skip non existing resourceDirectory D:\Enterprise\05-JPA-API\src\test\resources
2020-03-03 09:15:31,150 [Worker-40: Building workspace] WARN  o.e.m.c.i.embedder.EclipseLogger - Using platform encoding (Cp1252 actually) to copy filtered resources, i.e. build is platform dependent!
2020-03-03 09:15:31,151 [Worker-40: Building workspace] INFO  o.e.m.c.i.embedder.EclipseLogger - skip non existing resourceDirectory D:\Enterprise\05-JPA-API\src\main\resources
2020-03-03 09:15:31,152 [Worker-40: Building workspace] WARN  o.e.m.c.i.embedder.EclipseLogger - Using platform encoding (Cp1252 actually) to copy filtered resources, i.e. build is platform dependent!
2020-03-03 09:15:31,152 [Worker-40: Building workspace] INFO  o.e.m.c.i.embedder.EclipseLogger - skip non existing resourceDirectory D:\Enterprise\05-JPA-API\src\test\resources
2020-03-03 09:20:34,186 [Worker-35: Building workspace] WARN  o.e.m.c.i.embedder.EclipseLogger - Using platform encoding (Cp1252 actually) to copy filtered resources, i.e. build is platform dependent!
2020-03-03 09:20:34,187 [Worker-35: Building workspace] INFO  o.e.m.c.i.embedder.EclipseLogger - skip non existing resourceDirectory D:\Enterprise\05-JPA-API\src\main\resources
2020-03-03 09:20:34,188 [Worker-35: Building workspace] WARN  o.e.m.c.i.embedder.EclipseLogger - Using platform encoding (Cp1252 actually) to copy filtered resources, i.e. build is platform dependent!
2020-03-03 09:20:34,189 [Worker-35: Building workspace] INFO  o.e.m.c.i.embedder.EclipseLogger - skip non existing resourceDirectory D:\Enterprise\05-JPA-API\src\test\resources
2020-03-03 09:21:42,321 [Worker-36: Building workspace] WARN  o.e.m.c.i.embedder.EclipseLogger - Using platform encoding (Cp1252 actually) to copy filtered resources, i.e. build is platform dependent!
2020-03-03 09:21:42,322 [Worker-36: Building workspace] INFO  o.e.m.c.i.embedder.EclipseLogger - skip non existing resourceDirectory D:\Enterprise\05-JPA-API\src\main\resources
2020-03-03 09:21:42,323 [Worker-36: Building workspace] WARN  o.e.m.c.i.embedder.EclipseLogger - Using platform encoding (Cp1252 actually) to copy filtered resources, i.e. build is platform dependent!
2020-03-03 09:21:42,323 [Worker-36: Building workspace] INFO  o.e.m.c.i.embedder.EclipseLogger - skip non existing resourceDirectory D:\Enterprise\05-JPA-API\src\test\resources
2020-03-03 09:28:30,967 [Worker-39: Building workspace] WARN  o.e.m.c.i.embedder.EclipseLogger - Using platform encoding (Cp1252 actually) to copy filtered resources, i.e. build is platform dependent!
2020-03-03 09:28:30,968 [Worker-39: Building workspace] INFO  o.e.m.c.i.embedder.EclipseLogger - skip non existing resourceDirectory D:\Enterprise\05-JPA-API\src\main\resources
2020-03-03 09:28:30,969 [Worker-39: Building workspace] WARN  o.e.m.c.i.embedder.EclipseLogger - Using platform encoding (Cp1252 actually) to copy filtered resources, i.e. build is platform dependent!
2020-03-03 09:28:30,970 [Worker-39: Building workspace] INFO  o.e.m.c.i.embedder.EclipseLogger - skip non existing resourceDirectory D:\Enterprise\05-JPA-API\src\test\resources
2020-03-03 09:29:30,459 [Worker-39: Building workspace] WARN  o.e.m.c.i.embedder.EclipseLogger - Using platform encoding (Cp1252 actually) to copy filtered resources, i.e. build is platform dependent!
2020-03-03 09:29:30,460 [Worker-39: Building workspace] INFO  o.e.m.c.i.embedder.EclipseLogger - skip non existing resourceDirectory D:\Enterprise\05-JPA-API\src\main\resources
2020-03-03 09:29:30,462 [Worker-39: Building workspace] WARN  o.e.m.c.i.embedder.EclipseLogger - Using platform encoding (Cp1252 actually) to copy filtered resources, i.e. build is platform dependent!
2020-03-03 09:29:30,463 [Worker-39: Building workspace] INFO  o.e.m.c.i.embedder.EclipseLogger - skip non existing resourceDirectory D:\Enterprise\05-JPA-API\src\test\resources
2020-03-03 09:30:42,835 [Worker-39: Building workspace] WARN  o.e.m.c.i.embedder.EclipseLogger - Using platform encoding (Cp1252 actually) to copy filtered resources, i.e. build is platform dependent!
2020-03-03 09:30:42,836 [Worker-39: Building workspace] INFO  o.e.m.c.i.embedder.EclipseLogger - skip non existing resourceDirectory D:\Enterprise\05-JPA-API\src\main\resources
2020-03-03 09:30:42,836 [Worker-39: Building workspace] WARN  o.e.m.c.i.embedder.EclipseLogger - Using platform encoding (Cp1252 actually) to copy filtered resources, i.e. build is platform dependent!
2020-03-03 09:30:42,837 [Worker-39: Building workspace] INFO  o.e.m.c.i.embedder.EclipseLogger - skip non existing resourceDirectory D:\Enterprise\05-JPA-API\src\test\resources
2020-03-03 09:33:22,445 [Worker-39: Building workspace] WARN  o.e.m.c.i.embedder.EclipseLogger - Using platform encoding (Cp1252 actually) to copy filtered resources, i.e. build is platform dependent!
2020-03-03 09:33:22,445 [Worker-39: Building workspace] INFO  o.e.m.c.i.embedder.EclipseLogger - skip non existing resourceDirectory D:\Enterprise\05-JPA-API\src\main\resources
2020-03-03 09:33:22,446 [Worker-39: Building workspace] WARN  o.e.m.c.i.embedder.EclipseLogger - Using platform encoding (Cp1252 actually) to copy filtered resources, i.e. build is platform dependent!
2020-03-03 09:33:22,447 [Worker-39: Building workspace] INFO  o.e.m.c.i.embedder.EclipseLogger - skip non existing resourceDirectory D:\Enterprise\05-JPA-API\src\test\resources
2020-03-03 09:33:50,484 [Worker-42: Building workspace] WARN  o.e.m.c.i.embedder.EclipseLogger - Using platform encoding (Cp1252 actually) to copy filtered resources, i.e. build is platform dependent!
2020-03-03 09:33:50,485 [Worker-42: Building workspace] INFO  o.e.m.c.i.embedder.EclipseLogger - skip non existing resourceDirectory D:\Enterprise\05-JPA-API\src\main\resources
2020-03-03 09:33:50,486 [Worker-42: Building workspace] WARN  o.e.m.c.i.embedder.EclipseLogger - Using platform encoding (Cp1252 actually) to copy filtered resources, i.e. build is platform dependent!
2020-03-03 09:33:50,486 [Worker-42: Building workspace] INFO  o.e.m.c.i.embedder.EclipseLogger - skip non existing resourceDirectory D:\Enterprise\05-JPA-API\src\test\resources
2020-03-03 09:36:25,547 [Worker-46: Building workspace] WARN  o.e.m.c.i.embedder.EclipseLogger - Using platform encoding (Cp1252 actually) to copy filtered resources, i.e. build is platform dependent!
2020-03-03 09:36:25,547 [Worker-46: Building workspace] INFO  o.e.m.c.i.embedder.EclipseLogger - skip non existing resourceDirectory D:\Enterprise\05-JPA-API\src\main\resources
2020-03-03 09:36:25,548 [Worker-46: Building workspace] WARN  o.e.m.c.i.embedder.EclipseLogger - Using platform encoding (Cp1252 actually) to copy filtered resources, i.e. build is platform dependent!
2020-03-03 09:36:25,548 [Worker-46: Building workspace] INFO  o.e.m.c.i.embedder.EclipseLogger - skip non existing resourceDirectory D:\Enterprise\05-JPA-API\src\test\resources
